<?xml version="1.0"?>
<testsuites>
  <testsuite name="IE 9.0.0 (Windows 7)" package="undefined" timestamp="2013-10-02T08:59:31" id="0" hostname="VCDUDVCOMMERCE" tests="10" errors="0" failures="0" time="0.294">
    <properties>
      <property name="browser.fullName" value="Mozilla/5.0 (compatible; MSIE 9.0; Windows NT 6.1; Win64; x64; Trident/5.0; .NET CLR 2.0.50727; SLCC2; .NET4.0C; .NET4.0E; .NET CLR 3.5.30729; .NET CLR 3.0.30729)"/>
    </properties>
    <testcase name="should have classes" time="0.167" classname="IE 9.0.0 (Windows 7).ngxClaps Claps"/>
    <testcase name="should have clapsOpen class" time="0.012" classname="IE 9.0.0 (Windows 7).ngxClaps Claps"/>
    <testcase name="should have clapsClosed class when clicked" time="0.012" classname="IE 9.0.0 (Windows 7).ngxClaps Claps"/>
    <testcase name="should have clapsClosed class when clicked" time="0.015" classname="IE 9.0.0 (Windows 7).ngxClaps Claps"/>
    <testcase name="should have ng-invalid-ngx-remote when getting false" time="0.015" classname="IE 9.0.0 (Windows 7).ngxValidate Remote"/>
    <testcase name="should have ng-valid-ngx-remote when getting true" time="0.016" classname="IE 9.0.0 (Windows 7).ngxValidate Remote"/>
    <testcase name="should only issue one server request, when multiple blur events occur" time="0.008" classname="IE 9.0.0 (Windows 7).ngxValidate Remote"/>
    <testcase name="should add a default className when none is specified" time="0.004" classname="IE 9.0.0 (Windows 7).ngxValidate Blur"/>
    <testcase name="should add a &quot;benny&quot; className when &quot;benny&quot; is specified" time="0.04" classname="IE 9.0.0 (Windows 7).ngxValidate Blur"/>
    <testcase name="should add the class ngx-attempt when form is submitting" time="0.005" classname="IE 9.0.0 (Windows 7).ngxValidate Submit"/>
    <system-out><![CDATA[
]]></system-out>
    <system-err/>
  </testsuite>
  <testsuite name="Firefox 10.0.1 (Windows 7)" package="undefined" timestamp="2013-10-02T08:59:31" id="0" hostname="VCDUDVCOMMERCE" tests="10" errors="0" failures="0" time="0.441">
    <properties>
      <property name="browser.fullName" value="Mozilla/5.0 (Windows NT 6.1; WOW64; rv:10.0.1) Gecko/20100101 Firefox/10.0.1"/>
    </properties>
    <testcase name="should have classes" time="0.046" classname="Firefox 10.0.1 (Windows 7).ngxClaps Claps"/>
    <testcase name="should have clapsOpen class" time="0.03" classname="Firefox 10.0.1 (Windows 7).ngxClaps Claps"/>
    <testcase name="should have clapsClosed class when clicked" time="0.023" classname="Firefox 10.0.1 (Windows 7).ngxClaps Claps"/>
    <testcase name="should have clapsClosed class when clicked" time="0.225" classname="Firefox 10.0.1 (Windows 7).ngxClaps Claps"/>
    <testcase name="should have ng-invalid-ngx-remote when getting false" time="0.031" classname="Firefox 10.0.1 (Windows 7).ngxValidate Remote"/>
    <testcase name="should have ng-valid-ngx-remote when getting true" time="0.022" classname="Firefox 10.0.1 (Windows 7).ngxValidate Remote"/>
    <testcase name="should only issue one server request, when multiple blur events occur" time="0.025" classname="Firefox 10.0.1 (Windows 7).ngxValidate Remote"/>
    <testcase name="should add a default className when none is specified" time="0.012" classname="Firefox 10.0.1 (Windows 7).ngxValidate Blur"/>
    <testcase name="should add a &quot;benny&quot; className when &quot;benny&quot; is specified" time="0.014" classname="Firefox 10.0.1 (Windows 7).ngxValidate Blur"/>
    <testcase name="should add the class ngx-attempt when form is submitting" time="0.013" classname="Firefox 10.0.1 (Windows 7).ngxValidate Submit"/>
    <system-out><![CDATA[
]]></system-out>
    <system-err/>
  </testsuite>
  <testsuite name="Chrome 29.0.1547 (Windows 7)" package="undefined" timestamp="2013-10-02T08:59:31" id="0" hostname="VCDUDVCOMMERCE" tests="10" errors="1" failures="0" time="0.164">
    <properties>
      <property name="browser.fullName" value="Mozilla/5.0 (Windows NT 6.1; WOW64) AppleWebKit/537.36 (KHTML, like Gecko) Chrome/29.0.1547.76 Safari/537.36"/>
    </properties>
    <testcase name="should have classes" time="0.071" classname="Chrome 29.0.1547 (Windows 7).ngxClaps Claps"/>
    <testcase name="should have clapsOpen class" time="0.009" classname="Chrome 29.0.1547 (Windows 7).ngxClaps Claps"/>
    <testcase name="should have clapsClosed class when clicked" time="0.008" classname="Chrome 29.0.1547 (Windows 7).ngxClaps Claps"/>
    <testcase name="should have clapsClosed class when clicked" time="0.008" classname="Chrome 29.0.1547 (Windows 7).ngxClaps Claps"/>
    <testcase name="should have ng-invalid-ngx-remote when getting false" time="0.024" classname="Chrome 29.0.1547 (Windows 7).ngxValidate Remote"/>
    <testcase name="should have ng-valid-ngx-remote when getting true" time="0.011" classname="Chrome 29.0.1547 (Windows 7).ngxValidate Remote"/>
    <testcase name="should only issue one server request, when multiple blur events occur" time="0.005" classname="Chrome 29.0.1547 (Windows 7).ngxValidate Remote"/>
    <testcase name="should add a default className when none is specified" time="0.004" classname="Chrome 29.0.1547 (Windows 7).ngxValidate Blur"/>
    <testcase name="should add a &quot;benny&quot; className when &quot;benny&quot; is specified" time="0.008" classname="Chrome 29.0.1547 (Windows 7).ngxValidate Blur"/>
    <testcase name="should add the class ngx-attempt when form is submitting" time="0.016" classname="Chrome 29.0.1547 (Windows 7).ngxValidate Submit"/>
    <system-out><![CDATA[Chrome 29.0.1547 (Windows 7) ERROR
	Some of your tests did a full page reload!

]]></system-out>
    <system-err/>
  </testsuite>
</testsuites>
